node : (node:22016) [DEP0040] DeprecationWarning: The `punycode` module is deprecated. Please use a userland alternative instead.
At line:1 char:13
+ pnpm build; node --trace-warnings .\examples\basic.js 127.0.0.1 64589 ...
+             ~~~~~~~~~~~~~~~~~~~~~~~~~~~~~~~~~~~~~~~~~~~~~~~~~~~~~~~~~
    + CategoryInfo          : NotSpecified: ((node:22016) [D...native instead.:String) [], RemoteException
    + FullyQualifiedErrorId : NativeCommandError
 
    at node:punycode:7:10
    at BuiltinModule.compileForInternalLoader (node:internal/bootstrap/realm:398:7)
    at BuiltinModule.compileForPublicLoader (node:internal/bootstrap/realm:337:10)
    at loadBuiltinModule (node:internal/modules/helpers:125:7)
    at loadBuiltinWithHooks (node:internal/modules/cjs/loader:1195:15)
    at Module._load (node:internal/modules/cjs/loader:1285:48)
    at TracingChannel.traceSync (node:diagnostics_channel:328:14)
    at wrapModuleLoad (node:internal/modules/cjs/loader:245:24)
    at Module.require (node:internal/modules/cjs/loader:1548:12)
    at require (node:internal/modules/helpers:152:16)
(node:22016) MaxListenersExceededWarning: Possible EventEmitter memory leak detected. 11 entityMoved listeners added to [EventEmitter]. MaxListeners is 10. Use 
emitter.setMaxListeners() to increase limit
    at genericNodeError (node:internal/errors:985:15)
    at wrappedFn (node:internal/errors:539:14)
    at _addListener (node:events:582:17)
    at EventEmitter.addListener (node:events:600:10)
    at C:\Users\owner\Documents\github\mineflayer-pvp-rework\lib\core\state-machine.js:71:26
    at new Promise (<anonymous>)
    at StateMachine.onEntitySpawn (C:\Users\owner\Documents\github\mineflayer-pvp-rework\lib\core\state-machine.js:60:19)
    at EventEmitter.emit (node:events:520:35)
    at Client.<anonymous> (C:\Users\owner\Documents\github\mineflayer-pvp-rework\node_modules\.pnpm\mineflayer@https+++codeload_ecef148efe1076f76c7f22ee6d38bfa1\node_modules\minef
layer\lib\plugins\entities.js:359:9)
    at Client.emit (node:events:520:35)
(node:22016) MaxListenersExceededWarning: Possible EventEmitter memory leak detected. 11 entityVelocity listeners added to [EventEmitter]. MaxListeners is 10. Use 
emitter.setMaxListeners() to increase limit
    at genericNodeError (node:internal/errors:985:15)
    at wrappedFn (node:internal/errors:539:14)
    at _addListener (node:events:582:17)
    at EventEmitter.addListener (node:events:600:10)
    at C:\Users\owner\Documents\github\mineflayer-pvp-rework\lib\core\state-machine.js:72:26
    at new Promise (<anonymous>)
    at StateMachine.onEntitySpawn (C:\Users\owner\Documents\github\mineflayer-pvp-rework\lib\core\state-machine.js:60:19)
    at EventEmitter.emit (node:events:520:35)
    at Client.<anonymous> (C:\Users\owner\Documents\github\mineflayer-pvp-rework\node_modules\.pnpm\mineflayer@https+++codeload_ecef148efe1076f76c7f22ee6d38bfa1\node_modules\minef
layer\lib\plugins\entities.js:359:9)
    at Client.emit (node:events:520:35)
[pvp] spawned | phase=idle target=none teammates=none
[pvp] ready: use 'pvp help' for commands. start with 'pvp fight' or 'pvp fight <name>'.
[pvp] startup profile is passive: no auto-targeting until you issue a pvp command.
[event] tick=46 pvpPhaseChanged -> engaging
[event] pvpPhaseChanged -> engaging
[event] tick=46 pvpPhaseChanged -> bow-combat
[event] pvpPhaseChanged -> bow-combat
[event] tick=46 stoppedAttacking
[event] stoppedAttacking
[perf] tick=46 stateMachine.update source=drain:0 phase=bow-combat durationMs=8.832
[pvp] attacking Generel_Schwerz | phase=bow-combat
[event] tick=46 startedAttacking -> Generel_Schwerz
[event] startedAttacking -> Generel_Schwerz
engaging
(node:22016) MaxListenersExceededWarning: Possible EventEmitter memory leak detected. 11 physicsTick listeners added to [EventEmitter]. MaxListeners is 10. Use 
emitter.setMaxListeners() to increase limit
    at genericNodeError (node:internal/errors:985:15)
    at wrappedFn (node:internal/errors:539:14)
    at _addListener (node:events:582:17)
    at EventEmitter.addListener (node:events:600:10)
    at BowPVP.engage (C:\Users\owner\Documents\github\mineflayer-pvp-rework\lib\projectile\projectile-handler\raw.js:359:18)
    at process.processTicksAndRejections (node:internal/process/task_queues:103:5)
[perf] tick=53 stateMachine.update source=tick phase=bow-combat durationMs=6.710
[perf] tick=54 stateMachine.update source=tick phase=bow-combat durationMs=4.421
[perf] tick=55 stateMachine.update source=tick phase=bow-combat durationMs=3.926
[perf] tick=56 stateMachine.update source=tick phase=bow-combat durationMs=2.325
[perf] tick=57 stateMachine.update source=tick phase=bow-combat durationMs=2.711
[perf] tick=58 stateMachine.update source=tick phase=bow-combat durationMs=2.947
[perf] tick=59 stateMachine.update source=tick phase=bow-combat durationMs=4.745
[perf] tick=60 stateMachine.update source=tick phase=bow-combat durationMs=2.558
[shot-planner:startTick=53] tickDuration=8 start=(-15.875, 4, -14) predicted=(-17.095839862433554, 4, -11.863530240741278) actual=(-15.84375, 4, -14) yawDeg=233.4 deltaV=(0.25, 0, -0.28125) relative=move=(0.250, -0.281) radial=-0.000 tangential=0.376 angleDeg=90.1 predDelta=(1.2520898624335537, 0, -2.1364697592587216)
[perf] tick=62 stateMachine.update source=tick phase=bow-combat durationMs=2.278
[shot-planner:startTick=54] tickDuration=8 start=(-15.875, 4, -14) predicted=(-16.95926200404895, 4, -12.102541492914337) actual=(-15.84375, 4, -14) yawDeg=233.4 deltaV=(0.25, 0, -0.28125) relative=move=(0.250, -0.281) radial=-0.000 tangential=0.376 angleDeg=90.1 predDelta=(1.1155120040489486, 0, -1.8974585070856627)
[perf] tick=63 stateMachine.update source=tick phase=bow-combat durationMs=2.013
[shot-planner:startTick=55] tickDuration=8 start=(-16.125, 4, -13.6875) predicted=(-18.15243859749163, 4, -12.33404676692332) actual=(-15.65625, 4, -14.25) yawDeg=233.4 deltaV=(0.1875, 0, -0.25) relative=move=(0.188, -0.250) radial=0.030 tangential=0.311 angleDeg=84.5 predDelta=(2.4961885974916314, 0, -1.9159532330766798)
[perf] tick=64 stateMachine.update source=tick phase=bow-combat durationMs=2.124
[shot-planner:startTick=56] tickDuration=8 start=(-16.25, 4, -13.53125) predicted=(-18.04325590761912, 4, -11.894639014475901) actual=(-15.75, 4, -14.125) yawDeg=233.4 deltaV=(-0.09375, 0, 0.125) relative=move=(-0.094, 0.125) radial=-0.014 tangential=-0.156 angleDeg=95.1 predDelta=(2.2932559076191197, 0, -2.230360985524099)
[shot-planner:startTick=57] tickDuration=8 start=(-16.25, 4, -13.53125) predicted=(-17.997729954824255, 4, -11.951546455469487) actual=(-15.75, 4, -14.125) yawDeg=233.4 deltaV=(-0.09375, 0, 0.125) relative=move=(-0.094, 0.125) radial=-0.014 tangential=-0.156 angleDeg=95.1 predDelta=(2.247729954824255, 0, -2.1734535445305134)
[shot-planner:startTick=58] tickDuration=8 start=(-16.09375, 4, -13.71875) predicted=(-14.529477313423527, 4, -15.595877223891769) actual=(-15.84375, 4, -14) yawDeg=233.4 deltaV=(-0.09375, 0, 0.125) relative=move=(-0.094, 0.125) radial=-0.013 tangential=-0.156 angleDeg=94.7 predDelta=(-1.314272686576473, 0, 1.595877223891769)
[shot-planner:startTick=59] tickDuration=8 start=(-16.09375, 4, -13.71875) predicted=(-14.700199636404284, 4, -15.391010436314861) actual=(-15.84375, 4, -14) yawDeg=233.4 deltaV=(-0.09375, 0, 0.125) relative=move=(-0.094, 0.125) radial=-0.013 tangential=-0.156 angleDeg=94.7 predDelta=(-1.1435503635957165, 0, 1.3910104363148612)
[perf] tick=68 stateMachine.update source=tick phase=bow-combat durationMs=2.091
[shot-planner:startTick=60] tickDuration=8 start=(-15.84375, 4, -14) predicted=(-14.10097135036583, 4, -15.725780736189616) actual=(-15.84375, 4, -14) yawDeg=233.4 deltaV=(-0.09375, 0, 0.125) relative=move=(-0.094, 0.125) radial=-0.013 tangential=-0.156 angleDeg=94.7 predDelta=(-1.74277864963417, 0, 1.7257807361896162)
[perf] tick=69 stateMachine.update source=tick phase=bow-combat durationMs=2.553
[shot-planner:startTick=61] tickDuration=8 start=(-15.84375, 4, -14) predicted=(-14.237549208750435, 4, -15.572130645506938) actual=(-16.21875, 4, -13.53125) yawDeg=233.4 deltaV=(-0.375, 0, 0.46875) relative=move=(-0.375, 0.469) radial=-0.014 tangential=-0.600 angleDeg=91.3 predDelta=(-1.9812007912495648, 0, 2.040880645506938)
[shot-planner:startTick=62] tickDuration=8 start=(-15.84375, 4, -14) predicted=(-14.283075161545304, 4, -15.520913948612712) actual=(-16.21875, 4, -13.53125) yawDeg=233.4 deltaV=(-0.375, 0, 0.46875) relative=move=(-0.375, 0.469) radial=-0.014 tangential=-0.600 angleDeg=91.3 predDelta=(-1.9356748384546965, 0, 1.9896639486127121)
[perf] tick=71 stateMachine.update source=tick phase=bow-combat durationMs=2.338
[shot-planner:startTick=63] tickDuration=8 start=(-15.65625, 4, -14.25) predicted=(-14.368393710523968, 4, -16.176049464084134) actual=(-16.21875, 4, -13.53125) yawDeg=233.4 deltaV=(-0.375, 0, 0.46875) relative=move=(-0.375, 0.469) radial=-0.014 tangential=-0.600 angleDeg=91.3 predDelta=(-1.8503562894760321, 0, 2.6447994640841337)
[shot-planner:startTick=64] tickDuration=8 start=(-15.75, 4, -14.125) predicted=(-17.100937864525214, 4, -12.32374951396638) actual=(-16.21875, 4, -13.53125) yawDeg=233.4 deltaV=(-0.375, 0, 0.46875) relative=move=(-0.375, 0.469) radial=-0.014 tangential=-0.600 angleDeg=91.3 predDelta=(0.8821878645252141, 0, -1.20750048603362)
[shot-planner:startTick=65] tickDuration=8 start=(-15.75, 4, -14.125) predicted=(-16.998504470736766, 4, -12.460327372350985) actual=(-15.96875, 4, -13.84375) yawDeg=233.4 deltaV=(0.25, 0, -0.3125) relative=move=(0.250, -0.313) radial=0.017 tangential=0.400 angleDeg=87.6 predDelta=(1.0297544707367656, 0, -1.383422627649015)
[shot-planner:startTick=66] tickDuration=8 start=(-15.84375, 4, -14) predicted=(-17.143471167630995, 4, -12.26703844315868) actual=(-15.96875, 4, -13.84375) yawDeg=233.4 deltaV=(0.25, 0, -0.3125) relative=move=(0.250, -0.313) radial=0.017 tangential=0.400 angleDeg=87.6 predDelta=(1.1747211676309952, 0, -1.5767115568413193)
[shot-planner:startTick=67] tickDuration=8 start=(-15.84375, 4, -14) predicted=(-17.092254470736766, 4, -12.335327372350985) actual=(-15.71875, 4, -14.15625) yawDeg=233.4 deltaV=(0.25, 0, -0.3125) relative=move=(0.250, -0.313) radial=0.024 tangential=0.399 angleDeg=86.6 predDelta=(1.3735044707367656, 0, -1.820922627649015)
[perf] tick=77 stateMachine.update source=tick phase=bow-combat durationMs=2.341
[shot-planner:startTick=68] tickDuration=8 start=(-15.84375, 4, -14) predicted=(-17.075182238438686, 4, -12.35809034874842) actual=(-15.4375, 4, -14.46875) yawDeg=233.4 deltaV=(0.28125, 0, -0.3125) relative=move=(0.281, -0.313) radial=0.009 tangential=0.420 angleDeg=88.8 predDelta=(1.6376822384386855, 0, -2.1106596512515807)
[shot-planner:startTick=69] tickDuration=8 start=(-16.21875, 4, -13.53125) predicted=(-17.74439692089031, 4, -11.62419134888711) actual=(-15.4375, 4, -14.46875) yawDeg=233.4 deltaV=(0.28125, 0, -0.3125) relative=move=(0.281, -0.313) radial=0.009 tangential=0.420 angleDeg=88.8 predDelta=(2.30689692089031, 0, -2.844558651112891)
[perf] tick=78 stateMachine.update source=tick phase=bow-combat durationMs=2.297
[shot-planner:startTick=70] tickDuration=8 start=(-16.21875, 4, -13.53125) predicted=(-17.607819062505705, 4, -11.794913671867866) actual=(-15.4375, 4, -14.46875) yawDeg=233.4 deltaV=(0.28125, 0, -0.3125) relative=move=(0.281, -0.313) radial=0.009 tangential=0.420 angleDeg=88.8 predDelta=(2.1703190625057047, 0, -2.6738363281321345)
[shot-planner:startTick=71] tickDuration=8 start=(-16.21875, 4, -13.53125) predicted=(-17.56229310971084, 4, -11.851821112861447) actual=(-15.3125, 4, -14.65625) yawDeg=233.4 deltaV=(0.125, 0, -0.1875) relative=move=(0.125, -0.188) radial=0.040 tangential=0.222 angleDeg=79.9 predDelta=(2.24979310971084, 0, -2.8044288871385525)
[perf] tick=81 stateMachine.update source=tick phase=bow-combat durationMs=2.135
[shot-planner:startTick=73] tickDuration=8 start=(-15.96875, 4, -13.84375) predicted=(-14.229197023269958, 4, -16.018191220912556) actual=(-15.3125, 4, -14.65625) yawDeg=233.4 deltaV=(0.125, 0, -0.1875) relative=move=(0.125, -0.188) radial=0.040 tangential=0.222 angleDeg=79.9 predDelta=(-1.0833029767300424, 0, 1.3619412209125557)
[shot-planner:startTick=74] tickDuration=8 start=(-15.96875, 4, -13.84375) predicted=(-14.502352740039168, 4, -15.676746574951043) actual=(-15.6875, 4, -14.1875) yawDeg=233.4 deltaV=(-0.375, 0, 0.46875) relative=move=(-0.375, 0.469) radial=-0.037 tangential=-0.599 angleDeg=93.6 predDelta=(-1.1851472599608321, 0, 1.4892465749510428)
[shot-planner:startTick=75] tickDuration=8 start=(-15.71875, 4, -14.15625) predicted=(-14.115774881654563, 4, -16.159968897931797) actual=(-15.6875, 4, -14.1875) yawDeg=233.4 deltaV=(-0.375, 0, 0.46875) relative=move=(-0.375, 0.469) radial=-0.037 tangential=-0.599 angleDeg=93.6 predDelta=(-1.5717251183454373, 0, 1.9724688979317975)
[shot-planner:startTick=76] tickDuration=8 start=(-15.4375, 4, -14.46875) predicted=(-13.560572148843523, 4, -16.34190464690313) actual=(-15.6875, 4, -14.1875) yawDeg=233.4 deltaV=(-0.375, 0, 0.46875) relative=move=(-0.375, 0.469) radial=-0.037 tangential=-0.599 angleDeg=93.6 predDelta=(-2.126927851156477, 0, 2.1544046469031315)
[shot-planner:startTick=77] tickDuration=8 start=(-15.4375, 4, -14.46875) predicted=(-13.663005542631977, 4, -16.22808976491596) actual=(-15.9375, 4, -13.875) yawDeg=233.4 deltaV=(-0.25, 0, 0.3125) relative=move=(-0.250, 0.313) radial=-0.018 tangential=-0.400 angleDeg=92.5 predDelta=(-2.2744944573680232, 0, 2.3530897649159606)
[shot-planner:startTick=78] tickDuration=8 start=(-15.4375, 4, -14.46875) predicted=(-13.697150007228128, 4, -16.190151470920235) actual=(-16.09375, 4, -13.71875) yawDeg=233.4 deltaV=(-0.15625, 0, 0.15625) relative=move=(-0.156, 0.156) radial=0.017 tangential=-0.220 angleDeg=85.6 predDelta=(-2.396599992771872, 0, 2.4714014709202345)
[shot-planner:startTick=79] tickDuration=8 start=(-15.3125, 4, -14.65625) predicted=(-14.081109812309464, 4, -16.758299008000936) actual=(-16.09375, 4, -13.71875) yawDeg=233.4 deltaV=(-0.15625, 0, 0.15625) relative=move=(-0.156, 0.156) radial=0.017 tangential=-0.220 angleDeg=85.6 predDelta=(-2.012640187690536, 0, 3.039549008000936)
[shot-planner:startTick=80] tickDuration=8 start=(-15.3125, 4, -14.65625) predicted=(-14.115254276905619, 4, -16.70708231110671) actual=(-16.09375, 4, -13.71875) yawDeg=233.4 deltaV=(-0.15625, 0, 0.15625) relative=move=(-0.156, 0.156) radial=0.017 tangential=-0.220 angleDeg=85.6 predDelta=(-1.9784957230943814, 0, 2.98833231110671)
[shot-planner:startTick=81] tickDuration=8 start=(-15.3125, 4, -14.65625) predicted=(-14.126635765104332, 4, -16.69001007880863) actual=(-16.09375, 4, -13.71875) yawDeg=233.4 deltaV=(-0.15625, 0, 0.15625) relative=move=(-0.156, 0.156) radial=0.017 tangential=-0.220 angleDeg=85.6 predDelta=(-1.9671142348956678, 0, 2.97126007880863)
[shot-planner:startTick=82] tickDuration=8 start=(-15.6875, 4, -14.1875) predicted=(-17.70020869349926, 4, -11.671614133125933) actual=(-15.71875, 4, -14.15625) yawDeg=233.4 deltaV=(0.375, 0, -0.4375) relative=move=(0.375, -0.438) radial=0.015 tangential=0.576 angleDeg=88.5 predDelta=(1.9814586934992597, 0, -2.4846358668740667)
[perf] tick=91 stateMachine.update source=tick phase=bow-combat durationMs=2.353
[shot-planner:startTick=83] tickDuration=8 start=(-15.6875, 4, -14.1875) predicted=(-17.290475118345434, 4, -12.183781102068203) actual=(-15.71875, 4, -14.15625) yawDeg=233.4 deltaV=(0.375, 0, -0.4375) relative=move=(0.375, -0.438) radial=0.015 tangential=0.576 angleDeg=88.5 predDelta=(1.5717251183454337, 0, -1.9724688979317975)
[shot-planner:startTick=84] tickDuration=8 start=(-15.6875, 4, -14.1875) predicted=(-17.15389725996083, 4, -12.354503425048959) actual=(-15.59375, 4, -14.3125) yawDeg=233.4 deltaV=(0.125, 0, -0.15625) relative=move=(0.125, -0.156) radial=0.014 tangential=0.200 angleDeg=86.0 predDelta=(1.5601472599608286, 0, -1.957996574951041)
[shot-planner:startTick=85] tickDuration=8 start=(-15.9375, 4, -13.875) predicted=(-17.540475118345434, 4, -11.871281102068203) actual=(-15.59375, 4, -14.3125) yawDeg=233.4 deltaV=(0.125, 0, -0.15625) relative=move=(0.125, -0.156) radial=0.014 tangential=0.200 angleDeg=86.0 predDelta=(1.9467251183454337, 0, -2.4412188979317975)
[perf] tick=94 stateMachine.update source=tick phase=bow-combat durationMs=2.236
[shot-planner:startTick=86] tickDuration=8 start=(-16.09375, 4, -13.71875) predicted=(-18.04355374724086, 4, -12.150560900954783) actual=(-15.59375, 4, -14.3125) yawDeg=233.4 deltaV=(0.125, 0, -0.15625) relative=move=(0.125, -0.156) radial=0.014 tangential=0.200 angleDeg=86.0 predDelta=(2.4498037472408605, 0, -2.1619390990452168)
[shot-planner:startTick=87] tickDuration=8 start=(-16.09375, 4, -13.71875) predicted=(-17.98664630624727, 4, -12.207468341948367) actual=(-15.59375, 4, -14.3125) yawDeg=233.4 deltaV=(0.125, 0, -0.15625) relative=move=(0.125, -0.156) radial=0.014 tangential=0.200 angleDeg=86.0 predDelta=(2.3928963062472697, 0, -2.105031658051633)
[shot-planner:startTick=88] tickDuration=8 start=(-16.09375, 4, -13.71875) predicted=(-17.96767715924941, 4, -12.22643748894623) actual=(-15.59375, 4, -14.3125) yawDeg=233.4 deltaV=(0.125, 0, -0.15625) relative=move=(0.125, -0.156) radial=0.014 tangential=0.200 angleDeg=86.0 predDelta=(2.3739271592494084, 0, -2.08606251105377)
[shot-planner:startTick=90] tickDuration=8 start=(-15.71875, 4, -14.15625) predicted=(-13.656194232616782, 4, -16.562565061947083) actual=(-16.25, 4, -13.53125) yawDeg=233.4 deltaV=(-0.40625, 0, 0.46875) relative=move=(-0.406, 0.469) radial=0.010 tangential=-0.620 angleDeg=89.0 predDelta=(-2.593805767383218, 0, 3.0313150619470832)
[shot-planner:startTick=91] tickDuration=8 start=(-15.71875, 4, -14.15625) predicted=(-14.0659278077706, 4, -16.08454255760097) actual=(-16.25, 4, -13.53125) yawDeg=233.4 deltaV=(-0.40625, 0, 0.46875) relative=move=(-0.406, 0.469) radial=0.010 tangential=-0.620 angleDeg=89.0 predDelta=(-2.184072192229401, 0, 2.553292557600969)
[shot-planner:startTick=92] tickDuration=8 start=(-15.59375, 4, -14.3125) predicted=(-14.201522401999627, 4, -16.318006815134847) actual=(-16.25, 4, -13.53125) yawDeg=233.4 deltaV=(-0.40625, 0, 0.46875) relative=move=(-0.406, 0.469) radial=0.010 tangential=-0.620 angleDeg=89.0 predDelta=(-2.048477598000373, 0, 2.786756815134847)
[shot-planner:startTick=93] tickDuration=8 start=(-15.59375, 4, -14.3125) predicted=(-14.269811331191928, 4, -16.232645653644468) actual=(-16.25, 4, -13.53125) yawDeg=233.4 deltaV=(-0.40625, 0, 0.46875) relative=move=(-0.406, 0.469) radial=0.010 tangential=-0.620 angleDeg=89.0 predDelta=(-1.980188668808072, 0, 2.701395653644468)
[shot-planner:startTick=94] tickDuration=8 start=(-15.59375, 4, -14.3125) predicted=(-14.29257430758936, 4, -16.204191933147676) actual=(-16.25, 4, -13.53125) yawDeg=233.4 deltaV=(-0.40625, 0, 0.46875) relative=move=(-0.406, 0.469) radial=0.010 tangential=-0.620 angleDeg=89.0 predDelta=(-1.9574256924106397, 0, 2.6729419331476763)
[perf] tick=104 stateMachine.update source=tick phase=bow-combat durationMs=2.044
[perf] tick=105 stateMachine.update source=tick phase=bow-combat durationMs=5.386
[shot-planner:startTick=97] tickDuration=8 start=(-15.84375, 4, -14) predicted=(-17.583302976730046, 4, -11.825558779087446) actual=(-15.71875, 4, -14.15625) yawDeg=233.4 deltaV=(0.25, 0, -0.3125) relative=move=(0.250, -0.313) radial=0.024 tangential=0.399 angleDeg=86.6 predDelta=(1.864552976730046, 0, -2.330691220912554)
[perf] tick=107 stateMachine.update source=tick phase=bow-combat durationMs=2.172
[shot-planner:startTick=98] tickDuration=8 start=(-16.25, 4, -13.53125) predicted=(-18.369689035626436, 4, -11.37907243856857) actual=(-15.59375, 4, -14.3125) yawDeg=233.4 deltaV=(0.125, 0, -0.15625) relative=move=(0.125, -0.156) radial=0.014 tangential=0.200 angleDeg=86.0 predDelta=(2.775939035626436, 0, -2.9334275614314294)
[shot-planner:startTick=99] tickDuration=8 start=(-16.25, 4, -13.53125) predicted=(-18.14775001575146, 4, -11.635155923039704) actual=(-15.59375, 4, -14.3125) yawDeg=233.4 deltaV=(0.125, 0, -0.15625) relative=move=(0.125, -0.156) radial=0.014 tangential=0.200 angleDeg=86.0 predDelta=(2.554000015751459, 0, -2.6773440769602956)
[shot-planner:startTick=100] tickDuration=8 start=(-16.25, 4, -13.53125) predicted=(-18.07377034245979, 4, -11.720517084530083) actual=(-15.59375, 4, -14.3125) yawDeg=233.4 deltaV=(0.125, 0, -0.15625) relative=move=(0.125, -0.156) radial=0.014 tangential=0.200 angleDeg=86.0 predDelta=(2.4800203424597917, 0, -2.5919829154699165)
[perf] tick=111 stateMachine.update source=tick phase=bow-combat durationMs=2.546
[shot-planner:startTick=103] tickDuration=8 start=(-15.96875, 4, -13.84375) predicted=(-14.076347753250984, 4, -15.946419163054465) actual=(-15.96875, 4, -13.84375) yawDeg=233.4 deltaV=(-0.21875, 0, 0.3125) relative=move=(-0.219, 0.313) radial=-0.040 tangential=-0.379 angleDeg=96.1 predDelta=(-1.8924022467490165, 0, 2.1026691630544647)
[shot-planner:startTick=104] tickDuration=8 start=(-15.96875, 4, -13.84375) predicted=(-14.38364793461634, 4, -15.604974517092952) actual=(-16.09375, 4, -13.6875) yawDeg=233.4 deltaV=(-0.125, 0, 0.15625) relative=move=(-0.125, 0.156) radial=-0.007 tangential=-0.200 angleDeg=91.9 predDelta=(-1.7101020653836603, 0, 1.917474517092952)
[perf] tick=113 stateMachine.update source=tick phase=bow-combat durationMs=6.180
[shot-planner:startTick=105] tickDuration=8 start=(-15.71875, 4, -14.15625) predicted=(-14.344219236866374, 4, -16.327618800742847) actual=(-16.09375, 4, -13.6875) yawDeg=233.4 deltaV=(-0.125, 0, 0.15625) relative=move=(-0.125, 0.156) radial=-0.007 tangential=-0.200 angleDeg=91.9 predDelta=(-1.7495307631336257, 0, 2.6401188007428473)
[perf] tick=114 stateMachine.update source=tick phase=bow-combat durationMs=2.964
[shot-planner:startTick=106] tickDuration=8 start=(-15.59375, 4, -14.3125) predicted=(-14.146183337392387, 4, -16.349325408558983) actual=(-16.25, 4, -13.53125) yawDeg=233.4 deltaV=(-0.15625, 0, 0.15625) relative=move=(-0.156, 0.156) radial=0.019 tangential=-0.220 angleDeg=85.0 predDelta=(-2.1038166626076134, 0, 2.8180754085589825)
[shot-planner:startTick=107] tickDuration=8 start=(-15.59375, 4, -14.3125) predicted=(-14.191709290187259, 4, -16.292417967565395) actual=(-16.25, 4, -13.53125) yawDeg=233.4 deltaV=(-0.15625, 0, 0.15625) relative=move=(-0.156, 0.156) radial=0.019 tangential=-0.220 angleDeg=85.0 predDelta=(-2.0582907098127414, 0, 2.7611679675653953)
[perf] tick=116 stateMachine.update source=tick phase=bow-combat durationMs=2.651
[perf] tick=117 stateMachine.update source=tick phase=bow-combat durationMs=2.478
[shot-planner:startTick=108] tickDuration=8 start=(-15.59375, 4, -14.3125) predicted=(-14.206884607785547, 4, -16.27344882056753) actual=(-15.96875, 4, -13.84375) yawDeg=233.4 deltaV=(0.28125, 0, -0.3125) relative=move=(0.281, -0.313) radial=-0.007 tangential=0.420 angleDeg=90.9 predDelta=(-1.7618653922144532, 0, 2.4296988205675305)
[shot-planner:startTick=109] tickDuration=8 start=(-15.75, 4, -14.15625) predicted=(-17.442102363014705, 4, -12.464147636985292) actual=(-15.96875, 4, -13.84375) yawDeg=233.4 deltaV=(0.28125, 0, -0.3125) relative=move=(0.281, -0.313) radial=-0.007 tangential=0.420 angleDeg=90.9 predDelta=(1.4733523630147047, 0, -1.3796023630147083)
[shot-planner:startTick=110] tickDuration=8 start=(-15.96875, 4, -13.84375) predicted=(-16.65262821080737, 4, -11.43492929682204) actual=(-15.96875, 4, -13.84375) yawDeg=233.4 deltaV=(0.28125, 0, -0.3125) relative=move=(0.281, -0.313) radial=-0.007 tangential=0.420 angleDeg=90.9 predDelta=(0.6838782108073715, 0, -2.4088207031779607)
[perf] tick=119 stateMachine.update source=tick phase=bow-combat durationMs=2.175
[shot-planner:startTick=111] tickDuration=8 start=(-15.96875, 4, -13.84375) predicted=(-16.533122584720843, 4, -11.605651619802797) actual=(-15.71875, 4, -14.15625) yawDeg=233.4 deltaV=(0.25, 0, -0.3125) relative=move=(0.250, -0.313) radial=0.024 tangential=0.399 angleDeg=86.6 predDelta=(0.814372584720843, 0, -2.5505983801972025)
[perf] tick=120 stateMachine.update source=tick phase=bow-combat durationMs=2.211
[shot-planner:startTick=112] tickDuration=8 start=(-16.09375, 4, -13.6875) predicted=(-17.34171213766167, 4, -11.695588876202118) actual=(-15.53125, 4, -14.40625) yawDeg=233.4 deltaV=(0.1875, 0, -0.25) relative=move=(0.188, -0.250) radial=0.033 tangential=0.311 angleDeg=84.0 predDelta=(1.8104621376616699, 0, -2.710661123797882)
[shot-planner:startTick=113] tickDuration=8 start=(-16.09375, 4, -13.6875) predicted=(-17.296186184866805, 4, -11.752496317195705) actual=(-15.53125, 4, -14.40625) yawDeg=233.4 deltaV=(0.1875, 0, -0.25) relative=move=(0.188, -0.250) radial=0.033 tangential=0.311 angleDeg=84.0 predDelta=(1.764936184866805, 0, -2.653753682804295)
[shot-planner:startTick=114] tickDuration=8 start=(-16.25, 4, -13.53125) predicted=(-17.88370705552126, 4, -11.897542944478744) actual=(-15.625, 4, -14.28125) yawDeg=233.4 deltaV=(-0.09375, 0, 0.125) relative=move=(-0.094, 0.125) radial=-0.015 tangential=-0.155 angleDeg=95.6 predDelta=(2.25870705552126, 0, -2.3837070555212563)
[perf] tick=123 stateMachine.update source=tick phase=bow-combat durationMs=2.096
[shot-planner:startTick=115] tickDuration=8 start=(-16.25, 4, -13.53125) predicted=(-17.841026474776072, 4, -11.940223525223931) actual=(-15.625, 4, -14.28125) yawDeg=233.4 deltaV=(-0.09375, 0, 0.125) relative=move=(-0.094, 0.125) radial=-0.015 tangential=-0.155 angleDeg=95.6 predDelta=(2.216026474776072, 0, -2.3410264747760685)
[shot-planner:startTick=116] tickDuration=8 start=(-15.96875, 4, -13.84375) predicted=(-14.076347753250984, 4, -15.946419163054465) actual=(-15.84375, 4, -14.03125) yawDeg=233.4 deltaV=(-0.21875, 0, 0.25) relative=move=(-0.219, 0.250) radial=-0.003 tangential=-0.332 angleDeg=90.5 predDelta=(-1.7674022467490165, 0, 1.9151691630544647)
[shot-planner:startTick=117] tickDuration=8 start=(-15.96875, 4, -13.84375) predicted=(-14.38364793461634, 4, -15.604974517092952) actual=(-15.84375, 4, -14.03125) yawDeg=233.4 deltaV=(-0.21875, 0, 0.25) relative=move=(-0.219, 0.250) radial=-0.003 tangential=-0.332 angleDeg=90.5 predDelta=(-1.4601020653836603, 0, 1.573724517092952)
[shot-planner:startTick=118] tickDuration=8 start=(-15.96875, 4, -13.84375) predicted=(-14.486081328404795, 4, -15.491159635105777) actual=(-15.84375, 4, -14.03125) yawDeg=233.4 deltaV=(-0.21875, 0, 0.25) relative=move=(-0.219, 0.250) radial=-0.003 tangential=-0.332 angleDeg=90.5 predDelta=(-1.3576686715952047, 0, 1.4599096351057774)
[shot-planner:startTick=119] tickDuration=8 start=(-15.71875, 4, -14.15625) predicted=(-14.392046596650086, 4, -16.267834601013213) actual=(-15.96875, 4, -13.875) yawDeg=233.4 deltaV=(-0.125, 0, 0.15625) relative=move=(-0.125, 0.156) radial=-0.009 tangential=-0.200 angleDeg=92.5 predDelta=(-1.5767034033499137, 0, 2.392834601013213)
[shot-planner:startTick=120] tickDuration=8 start=(-15.53125, 4, -14.40625) predicted=(-14.195045489853733, 4, -16.551365382657895) actual=(-15.8125, 4, -14.0625) yawDeg=233.4 deltaV=(0.15625, 0, -0.1875) relative=move=(0.156, -0.188) radial=0.008 tangential=0.244 angleDeg=88.0 predDelta=(-1.617454510146267, 0, 2.4888653826578953)
[perf] tick=129 stateMachine.update source=tick phase=bow-combat durationMs=2.236
[shot-planner:startTick=121] tickDuration=8 start=(-15.53125, 4, -14.40625) predicted=(-14.263334419046036, 4, -16.46031347706816) actual=(-15.8125, 4, -14.0625) yawDeg=233.4 deltaV=(0.15625, 0, -0.1875) relative=move=(0.156, -0.188) radial=0.008 tangential=0.244 angleDeg=88.0 predDelta=(-1.5491655809539644, 0, 2.3978134770681585)
[shot-planner:startTick=122] tickDuration=8 start=(-15.625, 4, -14.28125) predicted=(-16.975937864525214, 4, -12.47999951396638) actual=(-15.5625, 4, -14.34375) yawDeg=233.4 deltaV=(0.25, 0, -0.28125) relative=move=(0.250, -0.281) radial=0.007 tangential=0.376 angleDeg=88.9 predDelta=(1.4134378645252141, 0, -1.86375048603362)
[shot-planner:startTick=123] tickDuration=8 start=(-15.625, 4, -14.28125) predicted=(-16.873504470736766, 4, -12.616577372350985) actual=(-15.5625, 4, -14.34375) yawDeg=233.4 deltaV=(0.25, 0, -0.28125) relative=move=(0.250, -0.281) radial=0.007 tangential=0.376 angleDeg=88.9 predDelta=(1.3110044707367656, 0, -1.727172627649015)
[shot-planner:startTick=124] tickDuration=8 start=(-15.84375, 4, -14.03125) predicted=(-17.647045299191173, 4, -12.526309949247525) actual=(-15.5625, 4, -14.34375) yawDeg=233.4 deltaV=(0.25, 0, -0.28125) relative=move=(0.250, -0.281) radial=0.007 tangential=0.376 angleDeg=88.9 predDelta=(2.0845452991911735, 0, -1.8174400507524755)
[shot-planner:startTick=125] tickDuration=8 start=(-15.84375, 4, -14.03125) predicted=(-17.527539673104645, 4, -12.66288780763213) actual=(-15.4375, 4, -14.5) yawDeg=233.4 deltaV=(0.125, 0, -0.15625) relative=move=(0.125, -0.156) radial=0.016 tangential=0.199 angleDeg=85.4 predDelta=(2.090039673104645, 0, -1.8371121923678704)
[shot-planner:startTick=126] tickDuration=8 start=(-15.84375, 4, -14.03125) predicted=(-17.487704464409138, 4, -12.708413760426996) actual=(-15.1875, 4, -14.8125) yawDeg=233.4 deltaV=(0.25, 0, -0.3125) relative=move=(0.250, -0.313) radial=0.039 tangential=0.398 angleDeg=84.4 predDelta=(2.3002044644091377, 0, -2.104086239573004)
[perf] tick=135 stateMachine.update source=tick phase=bow-combat durationMs=2.238
[shot-planner:startTick=127] tickDuration=8 start=(-15.96875, 4, -13.875) predicted=(-17.338979848141882, 4, -12.162212689822645) actual=(-15.1875, 4, -14.8125) yawDeg=233.4 deltaV=(0.25, 0, -0.3125) relative=move=(0.250, -0.313) radial=0.039 tangential=0.398 angleDeg=84.4 predDelta=(2.151479848141882, 0, -2.6502873101773545)
[shot-planner:startTick=128] tickDuration=8 start=(-15.8125, 4, -14.0625) predicted=(-14.248227313423527, 4, -15.939627223891772) actual=(-15.1875, 4, -14.8125) yawDeg=233.4 deltaV=(0.25, 0, -0.3125) relative=move=(0.250, -0.313) radial=0.039 tangential=0.398 angleDeg=84.4 predDelta=(-0.9392726865764729, 0, 1.1271272238917724)
[shot-planner:startTick=129] tickDuration=8 start=(-15.8125, 4, -14.0625) predicted=(-14.418949636404284, 4, -15.734760436314861) actual=(-15.1875, 4, -14.8125) yawDeg=233.4 deltaV=(0.25, 0, -0.3125) relative=move=(0.250, -0.313) radial=0.039 tangential=0.398 angleDeg=84.4 predDelta=(-0.7685503635957165, 0, 0.9222604363148612)
[shot-planner:startTick=130] tickDuration=8 start=(-15.5625, 4, -14.34375) predicted=(-13.81972135036583, 4, -16.069530736189616) actual=(-15.1875, 4, -14.8125) yawDeg=233.4 deltaV=(0.25, 0, -0.3125) relative=move=(0.250, -0.313) radial=0.039 tangential=0.398 angleDeg=84.4 predDelta=(-1.36777864963417, 0, 1.2570307361896162)
[shot-planner:startTick=131] tickDuration=8 start=(-15.5625, 4, -14.34375) predicted=(-13.956299208750435, 4, -15.915880645506938) actual=(-15.5625, 4, -14.375) yawDeg=233.4 deltaV=(-0.375, 0, 0.4375) relative=move=(-0.375, 0.438) radial=-0.022 tangential=-0.576 angleDeg=92.2 predDelta=(-1.6062007912495648, 0, 1.5408806455069382)
[shot-planner:startTick=132] tickDuration=8 start=(-15.5625, 4, -14.34375) predicted=(-14.001825161545304, 4, -15.864663948612712) actual=(-15.5625, 4, -14.375) yawDeg=233.4 deltaV=(-0.375, 0, 0.4375) relative=move=(-0.375, 0.438) radial=-0.022 tangential=-0.576 angleDeg=92.2 predDelta=(-1.5606748384546965, 0, 1.4896639486127121)
[shot-planner:startTick=133] tickDuration=8 start=(-15.4375, 4, -14.5) predicted=(-14.040599162142499, 4, -16.246126047321884) actual=(-15.6875, 4, -14.21875) yawDeg=233.4 deltaV=(-0.125, 0, 0.15625) relative=move=(-0.125, 0.156) radial=-0.013 tangential=-0.200 angleDeg=93.6 predDelta=(-1.6469008378575012, 0, 2.0273760473218836)
[shot-planner:startTick=134] tickDuration=8 start=(-15.1875, 4, -14.8125) predicted=(-13.70493612742436, 4, -16.66570484071955) actual=(-15.9375, 4, -13.875) yawDeg=233.4 deltaV=(-0.25, 0, 0.34375) relative=move=(-0.250, 0.344) radial=-0.038 tangential=-0.423 angleDeg=95.1 predDelta=(-2.232563872575639, 0, 2.790704840719549)
[shot-planner:startTick=135] tickDuration=8 start=(-15.1875, 4, -14.8125) predicted=(-13.773225056616665, 4, -16.58034367922917) actual=(-15.9375, 4, -13.875) yawDeg=233.4 deltaV=(-0.25, 0, 0.34375) relative=move=(-0.250, 0.344) radial=-0.038 tangential=-0.423 angleDeg=95.1 predDelta=(-2.164274943383335, 0, 2.70534367922917)
[shot-planner:startTick=136] tickDuration=8 start=(-15.1875, 4, -14.8125) predicted=(-13.795988033014098, 4, -16.551889958732378) actual=(-15.9375, 4, -13.875) yawDeg=233.4 deltaV=(-0.25, 0, 0.34375) relative=move=(-0.250, 0.344) radial=-0.038 tangential=-0.423 angleDeg=95.1 predDelta=(-2.1415119669859024, 0, 2.676889958732378)
[shot-planner:startTick=139] tickDuration=8 start=(-15.5625, 4, -14.375) predicted=(-17.625055767383213, 4, -11.968684938052915) actual=(-15.5625, 4, -14.34375) yawDeg=233.4 deltaV=(0.375, 0, -0.46875) relative=move=(0.375, -0.469) radial=0.043 tangential=0.599 angleDeg=85.9 predDelta=(2.0625557673832127, 0, -2.375065061947085)
[shot-planner:startTick=140] tickDuration=8 start=(-15.5625, 4, -14.375) predicted=(-17.215322192229397, 4, -12.446707442399033) actual=(-15.3125, 4, -14.65625) yawDeg=233.4 deltaV=(0.25, 0, -0.3125) relative=move=(0.250, -0.313) radial=0.036 tangential=0.399 angleDeg=84.9 predDelta=(1.9028221922293973, 0, -2.209542557600967)
[shot-planner:startTick=141] tickDuration=8 start=(-15.6875, 4, -14.21875) predicted=(-17.079727598000378, 4, -12.213243184865156) actual=(-15.3125, 4, -14.65625) yawDeg=233.4 deltaV=(0.25, 0, -0.3125) relative=move=(0.250, -0.313) radial=0.036 tangential=0.399 angleDeg=84.9 predDelta=(1.7672275980003782, 0, -2.4430068151348436)
[perf] tick=150 stateMachine.update source=tick phase=bow-combat durationMs=4.923
[shot-planner:startTick=142] tickDuration=8 start=(-15.9375, 4, -13.875) predicted=(-17.28814625745597, 4, -11.686241076247798) actual=(-15.3125, 4, -14.65625) yawDeg=233.4 deltaV=(0.25, 0, -0.3125) relative=move=(0.250, -0.313) radial=0.036 tangential=0.399 angleDeg=84.9 predDelta=(1.9756462574559706, 0, -2.970008923752202)
[shot-planner:startTick=143] tickDuration=8 start=(-15.9375, 4, -13.875) predicted=(-17.197094351866227, 4, -11.811437446433688) actual=(-15.3125, 4, -14.65625) yawDeg=233.4 deltaV=(0.25, 0, -0.3125) relative=move=(0.250, -0.313) radial=0.036 tangential=0.399 angleDeg=84.9 predDelta=(1.8845943518662267, 0, -2.844812553566312)
[shot-planner:startTick=144] tickDuration=8 start=(-15.9375, 4, -13.875) predicted=(-17.166743716669654, 4, -11.853169569828982) actual=(-15.5625, 4, -14.34375) yawDeg=233.4 deltaV=(-0.25, 0, 0.3125) relative=move=(-0.250, 0.313) radial=-0.028 tangential=-0.399 angleDeg=94.1 predDelta=(1.6042437166696537, 0, -2.4905804301710184)
[perf] tick=154 stateMachine.update source=tick phase=bow-combat durationMs=2.407
[shot-planner:startTick=146] tickDuration=8 start=(-15.5625, 4, -14.34375) predicted=(-13.549791306500747, 4, -16.85963586687407) actual=(-15.6875, 4, -14.1875) yawDeg=233.4 deltaV=(-0.125, 0, 0.15625) relative=move=(-0.125, 0.156) radial=-0.012 tangential=-0.200 angleDeg=93.6 predDelta=(-2.1377086934992526, 0, 2.6721358668740685)
[perf] tick=156 stateMachine.update source=tick phase=bow-combat durationMs=2.165
[shot-planner:startTick=147] tickDuration=8 start=(-15.5625, 4, -14.34375) predicted=(-13.959524881654563, 4, -16.347468897931797) actual=(-15.6875, 4, -14.1875) yawDeg=233.4 deltaV=(-0.125, 0, 0.15625) relative=move=(-0.125, 0.156) radial=-0.012 tangential=-0.200 angleDeg=93.6 predDelta=(-1.7279751183454373, 0, 2.1599688979317975)
[shot-planner:startTick=148] tickDuration=8 start=(-15.3125, 4, -14.65625) predicted=(-13.641235952462262, 4, -16.74533005942218) actual=(-15.6875, 4, -14.1875) yawDeg=233.4 deltaV=(-0.125, 0, 0.15625) relative=move=(-0.125, 0.156) radial=-0.012 tangential=-0.200 angleDeg=93.6 predDelta=(-2.046264047537738, 0, 2.55783005942218)
[shot-planner:startTick=149] tickDuration=8 start=(-15.3125, 4, -14.65625) predicted=(-13.777813810846865, 4, -16.57460773644142) actual=(-15.6875, 4, -14.1875) yawDeg=233.4 deltaV=(-0.125, 0, 0.15625) relative=move=(-0.125, 0.156) radial=-0.012 tangential=-0.200 angleDeg=93.6 predDelta=(-1.9096861891531347, 0, 2.3871077364414184)
[perf] tick=158 stateMachine.update source=tick phase=bow-combat durationMs=2.097
[shot-planner:startTick=150] tickDuration=8 start=(-15.3125, 4, -14.65625) predicted=(-13.823339763641734, 4, -16.51770029544783) actual=(-15.40625, 4, -14.53125) yawDeg=233.4 deltaV=(0.28125, 0, -0.34375) relative=move=(0.281, -0.344) radial=0.032 tangential=0.443 angleDeg=85.9 predDelta=(-1.5829102363582663, 0, 1.9864502954478311)
[perf] tick=159 stateMachine.update source=tick phase=bow-combat durationMs=2.182
[entityHurt:tick=159] Generel_Schwerz
[perf] tick=160 stateMachine.update source=tick phase=bow-combat durationMs=2.574
[shot-planner:startTick=152] tickDuration=8 start=(-15.5625, 4, -14.34375) predicted=(-17.302052976730046, 4, -12.169308779087446) actual=(-15.03125, 4, -15) yawDeg=233.4 deltaV=(0.375, 0, -0.46875) relative=move=(0.375, -0.469) radial=0.066 tangential=0.597 angleDeg=83.7 predDelta=(2.270802976730046, 0, -2.830691220912554)
[shot-planner:startTick=153] tickDuration=8 start=(-15.5625, 4, -14.34375) predicted=(-17.02889725996083, 4, -12.510753425048959) actual=(-15.03125, 4, -15) yawDeg=233.4 deltaV=(0.375, 0, -0.46875) relative=move=(0.375, -0.469) radial=0.066 tangential=0.597 angleDeg=83.7 predDelta=(1.9976472599608286, 0, -2.489246574951041)
[perf] tick=162 stateMachine.update source=tick phase=bow-combat durationMs=2.248
[shot-planner:startTick=154] tickDuration=8 start=(-15.6875, 4, -14.1875) predicted=(-17.15389725996083, 4, -12.354503425048959) actual=(-15.25, 4.625, -15.125) yawDeg=230.6 deltaV=(-0.21875, 0.625, -0.125) relative=move=(-0.219, -0.125) radial=0.243 tangential=-0.065 angleDeg=15.0 predDelta=(1.9038972599608286, 0.625, -2.770496574951041)
[perf] tick=164 stateMachine.update source=tick phase=bow-combat durationMs=2.266
[shot-planner:startTick=155] tickDuration=8 start=(-15.6875, 4, -14.1875) predicted=(-17.085608330768526, 4, -12.439864586539334) actual=(-15.25, 4.625, -15.125) yawDeg=230.6 deltaV=(-0.21875, 0.625, -0.125) relative=move=(-0.219, -0.125) radial=0.243 tangential=-0.065 angleDeg=15.0 predDelta=(1.835608330768526, 0.625, -2.6851354134606655)
[shot-planner:startTick=156] tickDuration=8 start=(-15.6875, 4, -14.1875) predicted=(-17.0628453543711, 4, -12.468318307036128) actual=(-15.25, 4.625, -15.125) yawDeg=230.6 deltaV=(-0.21875, 0.625, -0.125) relative=move=(-0.219, -0.125) radial=0.243 tangential=-0.065 angleDeg=15.0 predDelta=(1.812845354371099, 0.625, -2.656681692963872)
[shot-planner:startTick=158] tickDuration=8 start=(-15.40625, 4, -14.53125) predicted=(-13.582090443528427, 4, -16.76077834679858) actual=(-16, 4.90625, -15.28125) yawDeg=230.6 deltaV=(-0.34375, 0, -0.03125) relative=move=(-0.344, -0.031) radial=0.270 tangential=-0.215 angleDeg=38.5 predDelta=(-2.4179095564715727, 0.90625, 1.4795283467985811)
[shot-planner:startTick=159] tickDuration=8 start=(-15.40625, 4, -14.53125) predicted=(-13.889390624893792, 4, -16.38518923624092) actual=(-16, 4.90625, -15.28125) yawDeg=230.6 deltaV=(-0.34375, 0, -0.03125) relative=move=(-0.344, -0.031) radial=0.270 tangential=-0.215 angleDeg=38.5 predDelta=(-2.1106093751062076, 0.90625, 1.1039392362409188)
[shot-planner:startTick=160] tickDuration=8 start=(-15.03125, 4, -15) predicted=(-13.276697619238238, 4, -17.193190475952203) actual=(-16.1875, 4.78125, -15.28125) yawDeg=230.6 deltaV=(-0.1875, -0.125, 0) relative=move=(-0.188, 0.000) radial=0.136 tangential=-0.129 angleDeg=43.4 predDelta=(-2.910802380761762, 0.78125, 1.9119404759522034)
[shot-planner:startTick=161] tickDuration=8 start=(-15.03125, 4, -15) predicted=(-13.481564406815144, 4, -16.937106991481073) actual=(-16.1875, 4.78125, -15.28125) yawDeg=230.6 deltaV=(-0.1875, -0.125, 0) relative=move=(-0.188, 0.000) radial=0.136 tangential=-0.129 angleDeg=43.4 predDelta=(-2.705935593184856, 0.78125, 1.6558569914810732)
[perf] tick=171 stateMachine.update source=tick phase=bow-combat durationMs=2.375
[shot-planner:startTick=162] tickDuration=8 start=(-15.25, 4.625, -15.125) predicted=(-16.94465278633734, 7.179103305642569, -16.093373020764197) actual=(-16.65625, 4, -15.25) yawDeg=230.6 deltaV=(-0.46875, -0.78125, 0.03125) relative=move=(-0.469, 0.031) radial=0.324 tangential=-0.340 angleDeg=46.4 predDelta=(0.28840278633733973, -3.1791033056425686, 0.8433730207641972)
[shot-planner:startTick=163] tickDuration=8 start=(-15.25, 4.625, -15.125) predicted=(-16.51462858772339, 4.847275379451267, -15.847644907270507) actual=(-16.65625, 4, -15.25) yawDeg=230.6 deltaV=(-0.46875, -0.78125, 0.03125) relative=move=(-0.469, 0.031) radial=0.324 tangential=-0.340 angleDeg=46.4 predDelta=(-0.14162141227660996, -0.8472753794512666, 0.5976449072705066)
[perf] tick=172 stateMachine.update source=tick phase=bow-combat durationMs=2.241
[shot-planner:startTick=164] tickDuration=8 start=(-15.25, 4.625, -15.125) predicted=(-16.371287188185406, 4.069999404054166, -15.765735536105947) actual=(-16.65625, 4, -15.25) yawDeg=230.6 deltaV=(-0.46875, -0.78125, 0.03125) relative=move=(-0.469, 0.031) radial=0.324 tangential=-0.340 angleDeg=46.4 predDelta=(-0.2849628118145944, -0.06999940405416627, 0.5157355361059466)
[shot-planner:startTick=165] tickDuration=8 start=(-15.65625, 4.90625, -15.25) predicted=(-17.54813032031723, 4.895342586832136, -15.443805934288582) actual=(-17.03125, 4, -15.03125) yawDeg=230.6 deltaV=(-0.375, 0, 0.21875) relative=move=(-0.375, 0.219) radial=0.136 tangential=-0.412 angleDeg=71.8 predDelta=(0.516880320317231, -0.8953425868321361, 0.41255593428858184)
[shot-planner:startTick=166] tickDuration=8 start=(-16, 4.90625, -15.28125) predicted=(-18.209810083675503, 4, -14.8917120928038) actual=(-17.1875, 4, -14.90625) yawDeg=230.6 deltaV=(-0.15625, 0, 0.125) relative=move=(-0.156, 0.125) radial=0.036 tangential=-0.197 angleDeg=79.7 predDelta=(1.022310083675503, 0, -0.01453790719619974)
[shot-planner:startTick=167] tickDuration=8 start=(-16, 4.90625, -15.28125) predicted=(-18.003736257614385, 4, -14.856602013018103) actual=(-17.1875, 4, -14.90625) yawDeg=230.6 deltaV=(-0.15625, 0, 0.125) relative=move=(-0.156, 0.125) radial=0.036 tangential=-0.197 angleDeg=79.7 predDelta=(0.8162362576143849, 0, -0.04964798698189732)
[shot-planner:startTick=168] tickDuration=8 start=(-16.1875, 4.78125, -15.28125) predicted=(-18.2206151685012, 4, -14.71358338335187) actual=(-17.46875, 4, -14.59375) yawDeg=230.6 deltaV=(-0.28125, 0, 0.3125) relative=move=(-0.281, 0.313) radial=0.014 tangential=-0.420 angleDeg=88.0 predDelta=(0.751865168501201, 0, 0.11983338335186922)
[shot-planner:startTick=169] tickDuration=8 start=(-16.1875, 4.78125, -15.28125) predicted=(-18.083749434714623, 4, -14.793624400984704) actual=(-17.46875, 4, -14.59375) yawDeg=230.6 deltaV=(-0.28125, 0, 0.3125) relative=move=(-0.281, 0.313) radial=0.014 tangential=-0.420 angleDeg=88.0 predDelta=(0.6149994347146226, 0, 0.19987440098470444)
[shot-planner:startTick=170] tickDuration=8 start=(-16.65625, 4, -15.25) predicted=(-18.91567331481963, 4, -14.401025286246675) actual=(-17.46875, 4, -14.59375) yawDeg=230.6 deltaV=(-0.28125, 0, 0.3125) relative=move=(-0.281, 0.313) radial=0.014 tangential=-0.420 angleDeg=88.0 predDelta=(1.4469233148196317, 0, -0.192724713753325)
[shot-planner:startTick=171] tickDuration=8 start=(-16.65625, 4, -15.25) predicted=(-18.81323992103118, 4, -14.407854179165904) actual=(-17.34375, 4, -14.75) yawDeg=230.6 deltaV=(0.125, 0, -0.15625) relative=move=(0.125, -0.156) radial=0.006 tangential=0.200 angleDeg=88.1 predDelta=(1.4694899210311796, 0, -0.34214582083409617)
[shot-planner:startTick=172] tickDuration=8 start=(-16.65625, 4, -15.25) predicted=(-18.779095456435027, 4, -14.410130476805652) actual=(-17.09375, 4, -15.03125) yawDeg=230.6 deltaV=(0.25, 0, -0.28125) relative=move=(0.250, -0.281) radial=-0.001 tangential=0.376 angleDeg=90.2 predDelta=(1.6853454564350265, 0, -0.6211195231943485)
[perf] tick=181 stateMachine.update source=tick phase=bow-combat durationMs=2.136
[shot-planner:startTick=173] tickDuration=8 start=(-17.03125, 4, -15.03125) predicted=(-18.44068442489133, 4, -13.102881070658523) actual=(-17.09375, 4, -15.03125) yawDeg=230.6 deltaV=(0.25, 0, -0.28125) relative=move=(0.250, -0.281) radial=-0.001 tangential=0.376 angleDeg=90.2 predDelta=(1.3469344248913302, 0, -1.9283689293414774)
[perf] tick=182 stateMachine.update source=tick phase=bow-combat durationMs=2.542
[shot-planner:startTick=174] tickDuration=8 start=(-17.1875, 4, -14.90625) predicted=(-18.29332256573593, 4, -12.87911457543124) actual=(-17.09375, 4, -15.03125) yawDeg=230.6 deltaV=(0.25, 0, -0.28125) relative=move=(0.250, -0.281) radial=-0.001 tangential=0.376 angleDeg=90.2 predDelta=(1.1995725657359309, 0, -2.15213542456876)
[shot-planner:startTick=175] tickDuration=8 start=(-17.1875, 4, -14.90625) predicted=(-18.259178101139774, 4, -12.90643014710816) actual=(-17.09375, 4, -15.03125) yawDeg=230.6 deltaV=(0.25, 0, -0.28125) relative=move=(0.250, -0.281) radial=-0.001 tangential=0.376 angleDeg=90.2 predDelta=(1.1654281011397742, 0, -2.1248198528918394)
[shot-planner:startTick=176] tickDuration=8 start=(-17.46875, 4, -14.59375) predicted=(-18.186677087477424, 4, -12.350328211608916) actual=(-17.09375, 4, -15.03125) yawDeg=230.6 deltaV=(0.25, 0, -0.28125) relative=move=(0.250, -0.281) radial=-0.001 tangential=0.376 angleDeg=90.2 predDelta=(1.092927087477424, 0, -2.6809217883910836)
[shot-planner:startTick=177] tickDuration=8 start=(-17.46875, 4, -14.59375) predicted=(-18.125217051204356, 4, -12.418617140801217) actual=(-17.25, 4, -14.84375) yawDeg=230.6 deltaV=(-0.15625, 0, 0.1875) relative=move=(-0.156, 0.188) radial=-0.004 tangential=-0.244 angleDeg=91.0 predDelta=(0.8752170512043556, 0, -2.425132859198783)
[shot-planner:startTick=178] tickDuration=8 start=(-17.46875, 4, -14.59375) predicted=(-18.10473037244666, 4, -12.441380117198653) actual=(-17.5, 4, -14.5625) yawDeg=230.6 deltaV=(-0.25, 0, 0.28125) relative=move=(-0.250, 0.281) radial=0.011 tangential=-0.376 angleDeg=88.3 predDelta=(0.6047303724466602, 0, -2.121119882801347)
[shot-planner:startTick=179] tickDuration=8 start=(-17.34375, 4, -14.75) predicted=(-15.877352740039171, 4, -16.58299657495104) actual=(-17.5, 4, -14.5625) yawDeg=230.6 deltaV=(-0.25, 0, 0.28125) relative=move=(-0.250, 0.281) radial=0.011 tangential=-0.376 angleDeg=88.3 predDelta=(-1.6226472599608286, 0, 2.0204965749510393)
[shot-planner:startTick=180] tickDuration=8 start=(-17.09375, 4, -15.03125) predicted=(-15.229177075199907, 4, -16.747700663024172) actual=(-17.5, 4, -14.5625) yawDeg=230.6 deltaV=(-0.25, 0, 0.28125) relative=move=(-0.250, 0.281) radial=0.011 tangential=-0.376 angleDeg=88.3 predDelta=(-2.2708229248000933, 0, 2.1852006630241725)
[shot-planner:startTick=181] tickDuration=8 start=(-17.09375, 4, -15.03125) predicted=(-15.36575493358451, 4, -16.59405057234149) actual=(-17.5, 4, -14.5625) yawDeg=230.6 deltaV=(-0.25, 0, 0.28125) relative=move=(-0.250, 0.281) radial=0.011 tangential=-0.376 angleDeg=88.3 predDelta=(-2.13424506641549, 0, 2.031550572341491)
[shot-planner:startTick=182] tickDuration=8 start=(-17.09375, 4, -15.03125) predicted=(-15.411280886379378, 4, -16.542833875447265) actual=(-17.5, 4, -14.5625) yawDeg=230.6 deltaV=(-0.25, 0, 0.28125) relative=move=(-0.250, 0.281) radial=0.011 tangential=-0.376 angleDeg=88.3 predDelta=(-2.0887191136206216, 0, 1.9803338754472648)
[shot-planner:startTick=185] tickDuration=8 start=(-17.25, 4, -14.84375) predicted=(-18.81427268657647, 4, -12.966622776108233) actual=(-17.09375, 4, -15.03125) yawDeg=230.6 deltaV=(0.28125, 0, -0.3125) relative=move=(0.281, -0.313) radial=-0.004 tangential=0.420 angleDeg=90.6 predDelta=(1.7205226865764693, 0, -2.064627223891767)
[shot-planner:startTick=186] tickDuration=8 start=(-17.5, 4, -14.5625) predicted=(-19.331363858777742, 4, -12.737060903523863) actual=(-16.96875, 4, -15.1875) yawDeg=230.6 deltaV=(0.125, 0, -0.15625) relative=move=(0.125, -0.156) radial=0.011 tangential=0.200 angleDeg=86.7 predDelta=(2.362613858777742, 0, -2.4504390964761367)
[shot-planner:startTick=187] tickDuration=8 start=(-17.5, 4, -14.5625) predicted=(-19.194786000393137, 4, -12.890710994206545) actual=(-16.96875, 4, -15.1875) yawDeg=230.6 deltaV=(0.125, 0, -0.15625) relative=move=(0.125, -0.156) radial=0.011 tangential=0.200 angleDeg=86.7 predDelta=(2.2260360003931368, 0, -2.296789005793455)
[shot-planner:startTick=188] tickDuration=8 start=(-17.5, 4, -14.5625) predicted=(-19.149260047598265, 4, -12.941927691100771) actual=(-16.96875, 4, -15.1875) yawDeg=230.6 deltaV=(0.125, 0, -0.15625) relative=move=(0.125, -0.156) radial=0.011 tangential=0.200 angleDeg=86.7 predDelta=(2.180510047598265, 0, -2.245572308899229)
[shot-planner:startTick=191] tickDuration=8 start=(-17.375, 4, -14.71875) predicted=(-15.908602740039171, 4, -16.55174657495104) actual=(-17.21875, 4, -14.875) yawDeg=230.6 deltaV=(-0.25, 0, 0.3125) relative=move=(-0.250, 0.313) radial=-0.016 tangential=-0.400 angleDeg=92.3 predDelta=(-1.3101472599608286, 0, 1.6767465749510393)
[perf] tick=200 stateMachine.update source=tick phase=bow-combat durationMs=2.342
[shot-planner:startTick=192] tickDuration=8 start=(-17.09375, 4, -15.03125) predicted=(-15.167237771160583, 4, -16.748605298980145) actual=(-17.46875, 4, -14.5625) yawDeg=230.6 deltaV=(-0.25, 0, 0.3125) relative=move=(-0.250, 0.313) radial=-0.009 tangential=-0.400 angleDeg=91.3 predDelta=(-2.3015122288394174, 0, 2.186105298980145)
[shot-planner:startTick=193] tickDuration=8 start=(-17.09375, 4, -15.03125) predicted=(-15.320887861843266, 4, -16.577882975999387) actual=(-17.46875, 4, -14.5625) yawDeg=230.6 deltaV=(-0.25, 0, 0.3125) relative=move=(-0.250, 0.313) radial=-0.009 tangential=-0.400 angleDeg=91.3 predDelta=(-2.147862138156734, 0, 2.015382975999387)
[shot-planner:startTick=194] tickDuration=8 start=(-16.96875, 4, -15.1875) predicted=(-15.497749926061488, 4, -17.026250092423137) actual=(-17.4375, 4, -14.625) yawDeg=230.6 deltaV=(0.03125, 0, -0.0625) relative=move=(0.031, -0.063) radial=0.016 tangential=0.068 angleDeg=76.4 predDelta=(-1.9397500739385123, 0, 2.401250092423137)
[shot-planner:startTick=195] tickDuration=8 start=(-16.96875, 4, -15.1875) predicted=(-15.54327587885635, 4, -16.969342651429564) actual=(-17.4375, 4, -14.625) yawDeg=230.6 deltaV=(0.03125, 0, -0.0625) relative=move=(0.031, -0.063) radial=0.016 tangential=0.068 angleDeg=76.4 predDelta=(-1.8942241211436492, 0, 2.3443426514295638)
[perf] tick=204 stateMachine.update source=tick phase=bow-combat durationMs=2.946
[shot-planner:startTick=196] tickDuration=8 start=(-16.96875, 4, -15.1875) predicted=(-15.55845119645464, 4, -16.9503735044317) actual=(-17.4375, 4, -14.625) yawDeg=230.6 deltaV=(0.03125, 0, -0.0625) relative=move=(0.031, -0.063) radial=0.016 tangential=0.068 angleDeg=76.4 predDelta=(-1.8790488035453592, 0, 2.325373504431699)
[perf] tick=205 stateMachine.update source=tick phase=bow-combat durationMs=2.101
[shot-planner:startTick=198] tickDuration=8 start=(-17.21875, 4, -14.875) predicted=(-18.958302976730046, 4, -12.700558779087446) actual=(-16.875, 4, -15.28125) yawDeg=230.6 deltaV=(0.34375, 0, -0.40625) relative=move=(0.344, -0.406) radial=0.019 tangential=0.532 angleDeg=88.0 predDelta=(2.083302976730046, 0, -2.580691220912554)
[shot-planner:startTick=199] tickDuration=8 start=(-17.21875, 4, -14.875) predicted=(-18.68514725996083, 4, -13.042003425048959) actual=(-16.875, 4, -15.28125) yawDeg=230.6 deltaV=(0.34375, 0, -0.40625) relative=move=(0.344, -0.406) radial=0.019 tangential=0.532 angleDeg=88.0 predDelta=(1.8101472599608286, 0, -2.239246574951041)
[shot-planner:startTick=200] tickDuration=8 start=(-17.46875, 4, -14.5625) predicted=(-19.071725118345434, 4, -12.558781102068203) actual=(-16.875, 4, -15.28125) yawDeg=230.6 deltaV=(0.34375, 0, -0.40625) relative=move=(0.344, -0.406) radial=0.019 tangential=0.532 angleDeg=88.0 predDelta=(2.1967251183454337, 0, -2.7224688979317975)
[shot-planner:startTick=201] tickDuration=8 start=(-17.46875, 4, -14.5625) predicted=(-18.93514725996083, 4, -12.729503425048959) actual=(-16.875, 4, -15.28125) yawDeg=230.6 deltaV=(0.34375, 0, -0.40625) relative=move=(0.344, -0.406) radial=0.019 tangential=0.532 angleDeg=88.0 predDelta=(2.0601472599608286, 0, -2.551746574951041)
[shot-planner:startTick=202] tickDuration=8 start=(-17.4375, 4, -14.625) predicted=(-16.514980125773427, 4, -16.470039748453146) actual=(-16.875, 4, -15.28125) yawDeg=230.6 deltaV=(0.34375, 0, -0.40625) relative=move=(0.344, -0.406) radial=0.019 tangential=0.532 angleDeg=88.0 predDelta=(-0.3600198742265732, 0, 1.1887897484531464)
[shot-planner:startTick=203] tickDuration=8 start=(-17.4375, 4, -14.625) predicted=(-16.54912459036958, 4, -16.40175081926084) actual=(-17.09375, 4, -15.03125) yawDeg=230.6 deltaV=(-0.21875, 0, 0.25) relative=move=(-0.219, 0.250) radial=-0.001 tangential=-0.332 angleDeg=90.3 predDelta=(-0.5446254096304202, 0, 1.3705008192608403)
[shot-planner:startTick=204] tickDuration=8 start=(-17.4375, 4, -14.625) predicted=(-16.5605060785683, 4, -16.378987842863406) actual=(-17.34375, 4, -14.75) yawDeg=230.6 deltaV=(-0.25, 0, 0.28125) relative=move=(-0.250, 0.281) radial=0.007 tangential=-0.376 angleDeg=88.9 predDelta=(-0.7832439214317013, 0, 1.6289878428634061)
[shot-planner:startTick=205] tickDuration=8 start=(-17.21875, 4, -14.875) predicted=(-15.122020630733804, 4, -15.533377454511568) actual=(-17.34375, 4, -14.75) yawDeg=230.6 deltaV=(-0.25, 0, 0.28125) relative=move=(-0.250, 0.281) radial=0.007 tangential=-0.376 angleDeg=88.9 predDelta=(-2.221729369266196, 0, 0.7833774545115677)
[shot-planner:startTick=206] tickDuration=8 start=(-16.875, 4, -15.28125) predicted=(-14.847726737213005, 4, -16.789667587800118) actual=(-17.1875, 4, -14.90625) yawDeg=230.6 deltaV=(0.15625, 0, -0.15625) relative=move=(0.156, -0.156) radial=-0.015 tangential=0.220 angleDeg=93.9 predDelta=(-2.339773262786995, 0, 1.8834175878001176)
[shot-planner:startTick=207] tickDuration=8 start=(-16.875, 4, -15.28125) predicted=(-14.972923107398897, 4, -16.641708241216794) actual=(-17.1875, 4, -14.90625) yawDeg=230.6 deltaV=(0.15625, 0, -0.15625) relative=move=(0.156, -0.156) radial=-0.015 tangential=0.220 angleDeg=93.9 predDelta=(-2.2145768926011034, 0, 1.7354582412167936)
[shot-planner:startTick=208] tickDuration=8 start=(-16.875, 4, -15.28125) predicted=(-15.014655230794194, 4, -16.592388459022356) actual=(-17.1875, 4, -14.90625) yawDeg=230.6 deltaV=(0.15625, 0, -0.15625) relative=move=(0.156, -0.156) radial=-0.015 tangential=0.220 angleDeg=93.9 predDelta=(-2.172844769205806, 0, 1.6861384590223558)
[perf] tick=218 stateMachine.update source=tick phase=bow-combat durationMs=2.140
[perf] tick=219 stateMachine.update source=tick phase=bow-combat durationMs=2.841
[shot-planner:startTick=211] tickDuration=8 start=(-17.09375, 4, -15.03125) predicted=(-18.82959431287161, 4, -13.047427928146732) actual=(-16.6875, 4, -15.53125) yawDeg=230.6 deltaV=(0.25, 0, -0.3125) relative=move=(0.250, -0.313) radial=0.030 tangential=0.399 angleDeg=85.7 predDelta=(2.1420943128716097, 0, -2.483822071853268)
[shot-planner:startTick=212] tickDuration=8 start=(-17.34375, 4, -14.75) predicted=(-19.127057272901958, 4, -12.743779317985295) actual=(-16.53125, 4, -15.6875) yawDeg=230.6 deltaV=(0.15625, 0, -0.15625) relative=move=(0.156, -0.156) radial=-0.006 tangential=0.221 angleDeg=91.5 predDelta=(2.5958072729019577, 0, -2.943720682014705)
[shot-planner:startTick=213] tickDuration=8 start=(-17.34375, 4, -14.75) predicted=(-18.990479414517356, 4, -12.897429408667977) actual=(-16.53125, 4, -15.6875) yawDeg=230.6 deltaV=(0.15625, 0, -0.15625) relative=move=(0.156, -0.156) radial=-0.006 tangential=0.221 angleDeg=91.5 predDelta=(2.459229414517356, 0, -2.7900705913320234)
[shot-planner:startTick=214] tickDuration=8 start=(-17.1875, 4, -14.90625) predicted=(-15.495397636985292, 4, -16.598352363014705) actual=(-16.6875, 4, -15.53125) yawDeg=230.6 deltaV=(-0.15625, 0, 0.15625) relative=move=(-0.156, 0.156) radial=0.008 tangential=-0.221 angleDeg=88.0 predDelta=(-1.1921023630147083, 0, 1.0671023630147047)
[shot-planner:startTick=215] tickDuration=8 start=(-17.1875, 4, -14.90625) predicted=(-15.666119959966043, 4, -16.427630040033954) actual=(-16.6875, 4, -15.53125) yawDeg=230.6 deltaV=(-0.15625, 0, 0.15625) relative=move=(-0.156, 0.156) radial=0.008 tangential=-0.221 angleDeg=88.0 predDelta=(-1.0213800400339572, 0, 0.8963800400339537)
[shot-planner:startTick=216] tickDuration=8 start=(-17.1875, 4, -14.90625) predicted=(-15.723027400959634, 4, -16.37072259904037) actual=(-16.6875, 4, -15.53125) yawDeg=230.6 deltaV=(-0.15625, 0, 0.15625) relative=move=(-0.156, 0.156) radial=0.008 tangential=-0.221 angleDeg=88.0 predDelta=(-0.9644725990403664, 0, 0.83947259904037)
[shot-planner:startTick=217] tickDuration=8 start=(-16.9375, 4, -15.21875) predicted=(-15.888614451641768, 4, -17.383247971029018) actual=(-16.6875, 4, -15.53125) yawDeg=230.6 deltaV=(-0.15625, 0, 0.15625) relative=move=(-0.156, 0.156) radial=0.008 tangential=-0.221 angleDeg=88.0 predDelta=(-0.798885548358232, 0, 1.851997971029018)
[shot-planner:startTick=218] tickDuration=8 start=(-16.6875, 4, -15.53125) predicted=(-15.32020359857299, 4, -17.67232895350455) actual=(-16.53125, 4, -15.6875) yawDeg=230.6 deltaV=(0.15625, 0, -0.15625) relative=move=(0.156, -0.156) radial=-0.006 tangential=0.221 angleDeg=91.5 predDelta=(-1.2110464014270104, 0, 1.9848289535045502)
[shot-planner:startTick=219] tickDuration=8 start=(-16.6875, 4, -15.53125) predicted=(-15.411255504162726, 4, -17.558514071517383) actual=(-16.53125, 4, -15.6875) yawDeg=230.6 deltaV=(0.15625, 0, -0.15625) relative=move=(0.156, -0.156) radial=-0.006 tangential=0.221 angleDeg=91.5 predDelta=(-1.1199944958372736, 0, 1.8710140715173829)
[perf] tick=228 stateMachine.update source=tick phase=bow-combat durationMs=2.382
[shot-planner:startTick=220] tickDuration=8 start=(-16.53125, 4, -15.6875) predicted=(-14.834883943019397, 4, -17.383866056980604) actual=(-16.53125, 4, -15.6875) yawDeg=230.6 deltaV=(0.15625, 0, -0.15625) relative=move=(0.156, -0.156) radial=-0.006 tangential=0.221 angleDeg=91.5 predDelta=(-1.6963660569806027, 0, 1.6963660569806045)
[shot-planner:startTick=221] tickDuration=8 start=(-16.53125, 4, -15.6875) predicted=(-14.877564523764585, 4, -17.341185476235417) actual=(-16.53125, 4, -15.6875) yawDeg=230.6 deltaV=(0.15625, 0, -0.15625) relative=move=(0.156, -0.156) radial=-0.006 tangential=0.221 angleDeg=91.5 predDelta=(-1.653685476235415, 0, 1.6536854762354167)
[shot-planner:startTick=222] tickDuration=8 start=(-16.6875, 4, -15.53125) predicted=(-18.379602363014705, 4, -13.839147636985292) actual=(-16.53125, 4, -15.6875) yawDeg=230.6 deltaV=(0.15625, 0, -0.15625) relative=move=(0.156, -0.156) radial=-0.006 tangential=0.221 angleDeg=91.5 predDelta=(1.8483523630147047, 0, -1.8483523630147083)
[shot-planner:startTick=223] tickDuration=8 start=(-16.6875, 4, -15.53125) predicted=(-18.208880040033957, 4, -14.00986995996605) actual=(-16.53125, 4, -15.6875) yawDeg=230.6 deltaV=(0.15625, 0, -0.15625) relative=move=(0.156, -0.156) radial=-0.006 tangential=0.221 angleDeg=91.5 predDelta=(1.6776300400339572, 0, -1.67763004003395)
[shot-planner:startTick=224] tickDuration=8 start=(-16.6875, 4, -15.53125) predicted=(-18.151972599040366, 4, -14.06677740095963) actual=(-16.53125, 4, -15.6875) yawDeg=230.6 deltaV=(0.15625, 0, -0.15625) relative=move=(0.156, -0.156) radial=-0.006 tangential=0.221 angleDeg=91.5 predDelta=(1.6207225990403664, 0, -1.62072259904037)
[shot-planner:startTick=226] tickDuration=8 start=(-16.53125, 4, -15.6875) predicted=(-14.839147636985292, 4, -17.379602363014705) actual=(-16.53125, 4, -15.6875) yawDeg=230.6 deltaV=(0.15625, 0, -0.15625) relative=move=(0.156, -0.156) radial=-0.006 tangential=0.221 angleDeg=91.5 predDelta=(-1.6921023630147083, 0, 1.6921023630147047)
[shot-planner:startTick=227] tickDuration=8 start=(-16.53125, 4, -15.6875) predicted=(-15.009869959966046, 4, -17.208880040033957) actual=(-16.53125, 4, -15.6875) yawDeg=230.6 deltaV=(0.15625, 0, -0.15625) relative=move=(0.156, -0.156) radial=-0.006 tangential=0.221 angleDeg=91.5 predDelta=(-1.5213800400339537, 0, 1.5213800400339572)
[shot-planner:startTick=228] tickDuration=8 start=(-16.53125, 4, -15.6875) predicted=(-15.066777400959632, 4, -17.151972599040366) actual=(-16.53125, 4, -15.6875) yawDeg=230.6 deltaV=(0.15625, 0, -0.15625) relative=move=(0.156, -0.156) radial=-0.006 tangential=0.221 angleDeg=91.5 predDelta=(-1.4644725990403682, 0, 1.4644725990403664)
[entityHurt:tick=239] Generel_Schwerz
[perf] tick=242 stateMachine.update source=tick phase=bow-combat durationMs=2.490
[perf] tick=243 stateMachine.update source=tick phase=bow-combat durationMs=3.225
[perf] tick=248 stateMachine.update source=tick phase=bow-combat durationMs=2.790
